
## DATES.  Version 4010

parameter file: par.dates
DIR: ./data
indivname: ./data/family_10gen_23_packed.ind	
snpname: ./data/family_10gen_23_packed.snp
genotypename: ./data/family_10gen_23_packed.geno
admixlist: admix	
binsize: 0.001
maxdis: 1.0
seed: 77
runmode: 1
chithresh: 0.0
mincount: 1
zdipcorrmode: YES
qbin: 10
runfit: YES
afffit: YES
lovalfit: 0.45
numchrom: 23
usevar set!

seed: 77
snppath: /my/home/mchintalapati/dev/DATES_v4010/example/data/family_10gen_23_packed.snp
genotypename:  ./data/family_10gen_23_packed.geno
packed geno read OK
end of inpack
valid snps: 398599
calling dowork:  French  Yoruba  Simulation 

French
Yoruba
admix: Simulation

countpops called
output tables: Simulation.out
allocating qindex. numqbins: 1470936
mesh used :: qbin: 10  numqbins: 1470936
regdim: 2
number admixed: 10 numeg: 2
group 0          French samplesize:   28
group 1          Yoruba samplesize:   21
numsnps: 398599  numindivs: 59
coeffs:  NA00000     0.235     0.765 
coeff: 398599              NA00000     0.235
coeffs:  NA00001     0.236     0.764 
coeff: 398599              NA00001     0.236
coeffs:  NA00002     0.226     0.774 
coeff: 398599              NA00002     0.226
coeffs:  NA00003     0.208     0.792 
coeff: 398599              NA00003     0.208
coeffs:  NA00004     0.269     0.731 
coeff: 398599              NA00004     0.269
coeffs:  NA00005     0.254     0.746 
coeff: 398599              NA00005     0.254
coeffs:  NA00006     0.240     0.760 
coeff: 398599              NA00006     0.240
coeffs:  NA00007     0.230     0.770 
coeff: 398599              NA00007     0.230
coeffs:  NA00008     0.246     0.754 
coeff: 398599              NA00008     0.246
coeffs:  NA00009     0.239     0.761 
coeff: 398599              NA00009     0.239
 calcab:              NA00000 :: 77630.005
numx: 393467
sample:              NA00000 completed.  Total CPU since start:     5.480
 calcab:              NA00001 :: 77607.886
numx: 393467
sample:              NA00001 completed.  Total CPU since start:     6.250
 calcab:              NA00002 :: 77337.294
numx: 393467
sample:              NA00002 completed.  Total CPU since start:     7.160
 calcab:              NA00003 :: 78335.854
numx: 393467
sample:              NA00003 completed.  Total CPU since start:     7.890
 calcab:              NA00004 :: 75547.529
numx: 393467
sample:              NA00004 completed.  Total CPU since start:     8.610
 calcab:              NA00005 :: 76724.810
numx: 393467
sample:              NA00005 completed.  Total CPU since start:     9.360
 calcab:              NA00006 :: 76884.893
numx: 393467
sample:              NA00006 completed.  Total CPU since start:    10.090
 calcab:              NA00007 :: 77733.670
numx: 393467
sample:              NA00007 completed.  Total CPU since start:    10.820
 calcab:              NA00008 :: 76361.986
numx: 393467
sample:              NA00008 completed.  Total CPU since start:    11.550
 calcab:              NA00009 :: 77073.849
numx: 393467
sample:              NA00009 completed.  Total CPU since start:    12.280
calling fit!...
dates_jackknife -p par.dates -l     0.450 -z Simulation -r 77 -m /my/home/mchintalapati/dev/DATES_v4010/example/data/family_10gen_23_packed.snp -a >Simulation:log
##end of dates:       12.400 seconds cpu      482.238 Mbytes in use
