 ##Z-score and correlation:: Simulation  binsize:     0.001000
    0.100     0.003966188     0.107177     0.107211     56107110 
    0.200     0.002390664     0.064270     0.064370     48842810 
    0.300     0.002104118     0.056472     0.056506     48600730 
    0.400     0.001999786     0.053315     0.053571     47975190 
    0.500     0.001893358     0.050924     0.050899     47519070 
    0.600     0.001856873     0.049754     0.049753     47292090 
    0.700     0.001842735     0.049373     0.049293     47108470 
    0.800     0.001854187     0.049576     0.049679     46915560 
    0.900     0.001799929     0.048181     0.048282     46937710 
    1.000     0.001805728     0.048215     0.048409     46825050 
    1.100     0.001813017     0.048167     0.048282     46673290 
    1.200     0.001784152     0.047548     0.047558     46816170 
    1.300     0.001759303     0.046782     0.046880     46348560 
    1.400     0.001715707     0.046321     0.046013     46059080 
    1.500     0.001676155     0.044868     0.044842     45950070 
    1.600     0.001646127     0.044169     0.044228     46067510 
    1.700     0.001632028     0.043856     0.043784     46087340 
    1.800     0.001635444     0.043744     0.043692     45964210 
    1.900     0.001590268     0.042698     0.042547     45880420 
    2.000     0.001590693     0.042642     0.042654     45687890 
    2.100     0.001633712     0.043542     0.043555     45714850 
    2.200     0.001578731     0.042204     0.042203     45724440 
    2.300     0.001558697     0.041707     0.041527     45757570 
    2.400     0.001521277     0.040693     0.040612     45525750 
    2.500     0.001495065     0.040119     0.040126     45450450 
    2.600     0.001493111     0.039968     0.039964     45365470 
    2.700     0.001482064     0.039419     0.039600     44965460 
    2.800     0.001468399     0.039390     0.039357     45160060 
    2.900     0.001472806     0.039586     0.039590     45104730 
    3.000     0.001462022     0.039258     0.039264     45191250 
    3.100     0.001452454     0.038980     0.038838     45140810 
    3.200     0.001456721     0.038938     0.038841     45202540 
    3.300     0.001441160     0.038584     0.038453     44880500 
    3.400     0.001411229     0.037690     0.037607     44993200 
    3.500     0.001411893     0.037689     0.037611     44982130 
    3.600     0.001378070     0.037064     0.036921     44892710 
    3.700     0.001374774     0.036841     0.036765     44769030 
    3.800     0.001384951     0.037071     0.037054     44775190 
    3.900     0.001384970     0.036976     0.036943     44382630 
    4.000     0.001322337     0.035336     0.035540     44517020 
    4.100     0.001308793     0.035036     0.035147     44618580 
    4.200     0.001278737     0.034250     0.034231     44454390 
    4.300     0.001257212     0.033744     0.033680     44522640 
    4.400     0.001267109     0.034052     0.034052     44281180 
    4.500     0.001244238     0.033395     0.033451     44494270 
    4.600     0.001277245     0.034258     0.034304     44205120 
    4.700     0.001232441     0.033170     0.033147     44293320 
    4.800     0.001189554     0.032040     0.031992     44467820 
    4.900     0.001246860     0.033511     0.033478     44340430 
    5.000     0.001205434     0.032383     0.032244     44435860 
    5.100     0.001156613     0.031156     0.031100     44151550 
    5.200     0.001185346     0.031775     0.031759     44426730 
    5.300     0.001159286     0.030981     0.031080     44046720 
    5.400     0.001151278     0.030846     0.030759     44465110 
    5.500     0.001148567     0.030759     0.030730     44163870 
    5.600     0.001106577     0.029619     0.029583     44175750 
    5.700     0.001106976     0.029797     0.029620     43819790 
    5.800     0.001103630     0.029662     0.029555     43631580 
    5.900     0.001052857     0.028299     0.028218     43864470 
    6.000     0.001038802     0.027828     0.027795     44042810 
    6.100     0.001049047     0.028143     0.028083     43989440 
    6.200     0.001041475     0.028059     0.027983     44019250 
    6.300     0.001010056     0.027270     0.027227     44150500 
    6.400     0.000988487     0.026581     0.026543     44093930 
    6.500     0.000987223     0.026665     0.026583     44032440 
    6.600     0.001018790     0.027406     0.027337     44048010 
    6.700     0.001006960     0.027163     0.027051     43867640 
    6.800     0.001008201     0.026985     0.026976     43749770 
    6.900     0.000950243     0.025520     0.025511     43676900 
    7.000     0.000951104     0.025466     0.025446     44079400 
    7.100     0.000956703     0.025650     0.025583     43778350 
    7.200     0.000955928     0.025684     0.025623     44291560 
    7.300     0.000954326     0.025588     0.025626     43928260 
    7.400     0.000933660     0.024967     0.025063     44003920 
    7.500     0.000928528     0.024790     0.024808     44038060 
    7.600     0.000912116     0.024454     0.024449     43828520 
    7.700     0.000930871     0.025114     0.025025     43900970 
    7.800     0.000911693     0.024505     0.024505     43807720 
    7.900     0.000941925     0.025278     0.025188     43521540 
    8.000     0.000897201     0.023964     0.023970     43880340 
    8.100     0.000897737     0.024001     0.023972     43794220 
    8.200     0.000889804     0.023656     0.023725     43837480 
    8.300     0.000846201     0.022640     0.022590     44023300 
    8.400     0.000821785     0.021871     0.021973     44100990 
    8.500     0.000847498     0.022629     0.022729     44059600 
    8.600     0.000866894     0.023019     0.023113     43617600 
    8.700     0.000830708     0.022257     0.022255     43613490 
    8.800     0.000861219     0.023043     0.023020     43865810 
    8.900     0.000831436     0.022232     0.022265     43985710 
    9.000     0.000806364     0.021563     0.021574     43798780 
    9.100     0.000784397     0.020998     0.020979     43516770 
    9.200     0.000791336     0.021184     0.021197     43360710 
    9.300     0.000791014     0.021240     0.021176     43568800 
    9.400     0.000782104     0.020983     0.020947     43536420 
    9.500     0.000752391     0.020161     0.020228     43332630 
    9.600     0.000783655     0.021112     0.021050     43510030 
    9.700     0.000766329     0.020582     0.020587     43337800 
    9.800     0.000791316     0.021197     0.021228     43221470 
    9.900     0.000760647     0.020451     0.020454     43399080 
   10.000     0.000722384     0.019242     0.019296     43337700 
   10.100     0.000692504     0.018488     0.018500     43325730 
   10.200     0.000674157     0.018129     0.018126     43487050 
   10.300     0.000706374     0.018941     0.018916     43428580 
   10.400     0.000697928     0.018749     0.018729     43242190 
   10.500     0.000695138     0.018592     0.018585     43005850 
   10.600     0.000685451     0.018417     0.018395     43240100 
   10.700     0.000676760     0.018188     0.018145     42977270 
   10.800     0.000717330     0.019199     0.019235     43091680 
   10.900     0.000654648     0.017624     0.017572     42952620 
   11.000     0.000667624     0.017876     0.017849     42961700 
   11.100     0.000661726     0.017582     0.017626     42787950 
   11.200     0.000668305     0.017884     0.017893     42916550 
   11.300     0.000651758     0.017470     0.017489     43248390 
   11.400     0.000619019     0.016574     0.016554     43326260 
   11.500     0.000602712     0.016157     0.016117     43143730 
   11.600     0.000637998     0.017021     0.017003     43156170 
   11.700     0.000647495     0.017331     0.017294     42679380 
   11.800     0.000631238     0.016984     0.016915     42418360 
   11.900     0.000636094     0.016984     0.016968     42812100 
   12.000     0.000612642     0.016441     0.016429     42787670 
   12.100     0.000572886     0.015328     0.015303     42610540 
   12.200     0.000558377     0.014961     0.014967     42834090 
   12.300     0.000578001     0.015468     0.015473     42756880 
   12.400     0.000583583     0.015512     0.015557     42785180 
   12.500     0.000603812     0.016119     0.016121     43114530 
   12.600     0.000551561     0.014783     0.014790     43078280 
   12.700     0.000533275     0.014249     0.014290     42652930 
   12.800     0.000550769     0.014726     0.014733     42598790 
   12.900     0.000561855     0.014945     0.014957     42671550 
   13.000     0.000546217     0.014564     0.014613     42452450 
   13.100     0.000523798     0.013923     0.013989     42341530 
   13.200     0.000541961     0.014404     0.014460     42327680 
   13.300     0.000508169     0.013554     0.013575     42595330 
   13.400     0.000509233     0.013608     0.013593     42292210 
   13.500     0.000517630     0.013797     0.013836     42261590 
   13.600     0.000498808     0.013234     0.013300     42466040 
   13.700     0.000519659     0.013880     0.013936     42491290 
   13.800     0.000493573     0.013158     0.013196     42509900 
   13.900     0.000482495     0.012854     0.012880     42141680 
   14.000     0.000498473     0.013353     0.013387     42562800 
   14.100     0.000535111     0.014282     0.014339     42430810 
   14.200     0.000529713     0.014207     0.014178     42188240 
   14.300     0.000471542     0.012663     0.012622     42189040 
   14.400     0.000444225     0.011937     0.011897     42237150 
   14.500     0.000483246     0.012973     0.012981     42285840 
   14.600     0.000461799     0.012349     0.012348     42257770 
   14.700     0.000482201     0.012955     0.012945     41946530 
   14.800     0.000460332     0.012319     0.012352     41979820 
   14.900     0.000484169     0.012903     0.012965     42237940 
   15.000     0.000448869     0.011957     0.011994     41849080 
   15.100     0.000455921     0.012179     0.012179     42167380 
   15.200     0.000440996     0.011820     0.011756     42122720 
   15.300     0.000437885     0.011763     0.011708     42078830 
   15.400     0.000424519     0.011383     0.011365     42167380 
   15.500     0.000424459     0.011381     0.011368     42314250 
   15.600     0.000432568     0.011570     0.011588     42184510 
   15.700     0.000424235     0.011314     0.011331     41670100 
   15.800     0.000410192     0.010971     0.010979     41817050 
   15.900     0.000392961     0.010505     0.010523     41862830 
   16.000     0.000381341     0.010184     0.010191     41790810 
   16.100     0.000390387     0.010451     0.010451     42106300 
   16.200     0.000396190     0.010569     0.010591     41985370 
   16.300     0.000434474     0.011686     0.011669     41767150 
   16.400     0.000384105     0.010351     0.010273     42020930 
   16.500     0.000363298     0.009711     0.009691     41973130 
   16.600     0.000420363     0.011206     0.011238     41962750 
   16.700     0.000376031     0.010031     0.010059     41698810 
   16.800     0.000368504     0.009891     0.009871     41801380 
   16.900     0.000335518     0.008964     0.008959     41647230 
   17.000     0.000374313     0.010019     0.009984     41748700 
   17.100     0.000347932     0.009335     0.009300     42120000 
   17.200     0.000347883     0.009313     0.009286     41890450 
   17.300     0.000316740     0.008523     0.008467     41642620 
   17.400     0.000325152     0.008754     0.008713     41798960 
   17.500     0.000312624     0.008415     0.008365     41640080 
   17.600     0.000308480     0.008274     0.008257     41409970 
   17.700     0.000347695     0.009312     0.009310     41713530 
   17.800     0.000327962     0.008817     0.008779     41734870 
   17.900     0.000330303     0.008814     0.008841     41632690 
   18.000     0.000312169     0.008433     0.008388     41599760 
   18.100     0.000321156     0.008659     0.008594     41638360 
   18.200     0.000310833     0.008340     0.008329     41757740 
   18.300     0.000326579     0.008784     0.008748     41764510 
   18.400     0.000332488     0.008913     0.008884     41664400 
   18.500     0.000323864     0.008686     0.008673     41770750 
   18.600     0.000298771     0.007984     0.007994     41438380 
   18.700     0.000291644     0.007781     0.007779     41334170 
   18.800     0.000323931     0.008677     0.008641     41564650 
   18.900     0.000298798     0.008046     0.007999     41571920 
   19.000     0.000285655     0.007656     0.007659     41414370 
   19.100     0.000274586     0.007385     0.007356     41208200 
   19.200     0.000241605     0.006478     0.006477     41185830 
   19.300     0.000280508     0.007509     0.007485     41268140 
   19.400     0.000271648     0.007283     0.007260     41556940 
   19.500     0.000270338     0.007267     0.007224     41615500 
   19.600     0.000269099     0.007192     0.007188     41037980 
   19.700     0.000256484     0.006885     0.006854     41286920 
   19.800     0.000254177     0.006810     0.006776     41522050 
   19.900     0.000279432     0.007468     0.007436     41258510 
   20.000     0.000266683     0.007114     0.007087     41009190 
   20.100     0.000255122     0.006831     0.006781     40978210 
   20.200     0.000222670     0.005981     0.005960     40881250 
   20.300     0.000242355     0.006483     0.006473     41454440 
   20.400     0.000235334     0.006324     0.006288     41266780 
   20.500     0.000219869     0.005860     0.005862     41502710 
   20.600     0.000218100     0.005841     0.005817     41310320 
   20.700     0.000212116     0.005687     0.005674     41238470 
   20.800     0.000188485     0.005066     0.005032     41022230 
   20.900     0.000193205     0.005199     0.005171     41336090 
   21.000     0.000181318     0.004859     0.004832     41236800 
   21.100     0.000190905     0.005110     0.005093     40924630 
   21.200     0.000228672     0.006133     0.006110     41061610 
   21.300     0.000206537     0.005524     0.005502     40730750 
   21.400     0.000178618     0.004785     0.004762     40945260 
   21.500     0.000189521     0.005083     0.005073     41062150 
   21.600     0.000184230     0.004896     0.004905     40978050 
   21.700     0.000217412     0.005772     0.005784     41053270 
   21.800     0.000200980     0.005384     0.005373     41193500 
   21.900     0.000183939     0.004937     0.004906     41125410 
   22.000     0.000170958     0.004551     0.004550     40683530 
   22.100     0.000165099     0.004407     0.004394     40555310 
   22.200     0.000147390     0.003947     0.003936     40529830 
   22.300     0.000167052     0.004488     0.004471     40774530 
   22.400     0.000134599     0.003615     0.003593     40747460 
   22.500     0.000164547     0.004412     0.004387     41019150 
   22.600     0.000201476     0.005425     0.005408     40925150 
   22.700     0.000164388     0.004414     0.004398     40946650 
   22.800     0.000164336     0.004407     0.004384     40670000 
   22.900     0.000156152     0.004188     0.004169     40449120 
   23.000     0.000176365     0.004747     0.004731     40654210 
   23.100     0.000136848     0.003660     0.003644     40623340 
   23.200     0.000144946     0.003912     0.003890     40746720 
   23.300     0.000148313     0.004001     0.003978     40716990 
   23.400     0.000135205     0.003656     0.003630     40753040 
   23.500     0.000121041     0.003269     0.003241     40769950 
   23.600     0.000128296     0.003462     0.003436     40658000 
   23.700     0.000097440     0.002611     0.002602     40579880 
   23.800     0.000097755     0.002643     0.002627     40711340 
   23.900     0.000131095     0.003536     0.003517     40619050 
   24.000     0.000126245     0.003395     0.003372     40281590 
   24.100     0.000159404     0.004288     0.004260     40598670 
   24.200     0.000103180     0.002772     0.002756     40542850 
   24.300     0.000090186     0.002420     0.002410     40390450 
   24.400     0.000113369     0.003049     0.003041     40625410 
   24.500     0.000136911     0.003707     0.003673     40488980 
   24.600     0.000079509     0.002144     0.002135     40577050 
   24.700     0.000075677     0.002042     0.002031     40765850 
   24.800     0.000106343     0.002852     0.002843     40428120 
   24.900     0.000076438     0.002042     0.002039     40404290 
   25.000     0.000077386     0.002065     0.002062     40350440 
   25.100     0.000091304     0.002449     0.002435     40445260 
   25.200     0.000115504     0.003093     0.003081     40279890 
   25.300     0.000108294     0.002926     0.002898     40556170 
   25.400     0.000116839     0.003127     0.003113     40599540 
   25.500     0.000071222     0.001913     0.001906     40282780 
   25.600     0.000044314     0.001194     0.001186     40216060 
   25.700     0.000083359     0.002239     0.002227     40053610 
   25.800     0.000064577     0.001738     0.001729     40102240 
   25.900     0.000081455     0.002206     0.002185     39956120 
   26.000     0.000063955     0.001716     0.001709     40142250 
   26.100     0.000075760     0.002035     0.002022     39789420 
   26.200     0.000083594     0.002232     0.002234     39927750 
   26.300     0.000085140     0.002276     0.002273     39753370 
   26.400     0.000069569     0.001864     0.001859     40025700 
   26.500     0.000076166     0.002044     0.002034     39812850 
   26.600     0.000095200     0.002551     0.002539     39655820 
   26.700     0.000079576     0.002135     0.002131     39703740 
   26.800     0.000092657     0.002478     0.002466     39594590 
   26.900     0.000068375     0.001834     0.001829     39733100 
   27.000     0.000061321     0.001643     0.001639     39644630 
   27.100     0.000046662     0.001253     0.001248     39206490 
   27.200     0.000034765     0.000929     0.000929     39519970 
   27.300     0.000060287     0.001616     0.001616     39136650 
   27.400     0.000051438     0.001380     0.001381     39442540 
   27.500     0.000034719     0.000927     0.000928     39270120 
   27.600     0.000031427     0.000845     0.000842     39219290 
   27.700     0.000042441     0.001138     0.001139     39358340 
   27.800     0.000037612     0.001002     0.001008     39514630 
   27.900     0.000016691     0.000444     0.000447     39620420 
   28.000     0.000027218     0.000725     0.000725     39478420 
   28.100     0.000003089     0.000083     0.000083     39290560 
   28.200     0.000005259     0.000141     0.000141     39321710 
   28.300     0.000039726     0.001061     0.001063     39296890 
   28.400     0.000028385     0.000762     0.000760     39194660 
   28.500    -0.000001470    -0.000039    -0.000039     39031900 
   28.600     0.000005353     0.000143     0.000143     38947320 
   28.700     0.000005291     0.000142     0.000142     39049210 
   28.800     0.000044535     0.001190     0.001191     39535680 
   28.900     0.000029821     0.000796     0.000797     39405830 
   29.000    -0.000002733    -0.000073    -0.000073     39338650 
   29.100     0.000007222     0.000193     0.000194     39176270 
   29.200     0.000018337     0.000491     0.000490     38977240 
   29.300     0.000001346     0.000036     0.000036     38858970 
   29.400     0.000007242     0.000196     0.000195     39191620 
   29.500     0.000015087     0.000406     0.000406     38775580 
   29.600     0.000033126     0.000894     0.000891     38978250 
   29.700     0.000032854     0.000879     0.000878     38695020 
   29.800     0.000012316     0.000330     0.000328     38488370 
   29.900     0.000017825     0.000478     0.000478     38508180 
   30.000    -0.000000925    -0.000025    -0.000025     38777580 
   30.100     0.000015280     0.000411     0.000410     38630230 
   30.200     0.000039489     0.001065     0.001059     38867660 
   30.300     0.000030293     0.000816     0.000813     39145850 
   30.400     0.000012227     0.000327     0.000327     38839590 
   30.500     0.000013295     0.000357     0.000355     38771400 
   30.600     0.000023625     0.000636     0.000634     38797860 
   30.700    -0.000000963    -0.000026    -0.000026     38851980 
   30.800     0.000009700     0.000263     0.000261     38788950 
   30.900     0.000022297     0.000600     0.000597     38439540 
   31.000     0.000013202     0.000355     0.000353     38707830 
   31.100     0.000008622     0.000231     0.000231     38594630 
   31.200     0.000030068     0.000806     0.000804     38769280 
   31.300    -0.000008617    -0.000231    -0.000231     38495460 
   31.400     0.000025728     0.000693     0.000692     38585360 
   31.500    -0.000021391    -0.000572    -0.000573     38231580 
   31.600     0.000006778     0.000181     0.000182     38269990 
   31.700     0.000008535     0.000229     0.000228     38302410 
   31.800    -0.000029882    -0.000798    -0.000796     38239870 
   31.900     0.000002700     0.000072     0.000072     38208310 
   32.000    -0.000001680    -0.000045    -0.000045     38477570 
   32.100     0.000013868     0.000373     0.000371     38702600 
   32.200    -0.000028651    -0.000772    -0.000771     38258460 
   32.300    -0.000003269    -0.000088    -0.000088     38434310 
   32.400    -0.000008285    -0.000223    -0.000222     38449770 
   32.500     0.000017237     0.000464     0.000463     38580830 
   32.600     0.000032617     0.000880     0.000877     38198390 
   32.700     0.000025554     0.000688     0.000685     38205800 
   32.800    -0.000020160    -0.000540    -0.000539     38377330 
   32.900     0.000041909     0.001124     0.001123     38304140 
   33.000     0.000043895     0.001187     0.001184     38296580 
   33.100    -0.000001947    -0.000052    -0.000052     38119280 
   33.200    -0.000007826    -0.000211    -0.000211     38076720 
   33.300     0.000012044     0.000324     0.000323     37740090 
   33.400     0.000013055     0.000352     0.000350     37780960 
   33.500     0.000005910     0.000158     0.000158     37835540 
   33.600    -0.000004185    -0.000112    -0.000112     38074230 
   33.700     0.000004942     0.000132     0.000132     38064920 
   33.800    -0.000013956    -0.000377    -0.000376     37944580 
   33.900    -0.000008726    -0.000236    -0.000235     37898600 
   34.000     0.000018038     0.000487     0.000484     37896620 
   34.100    -0.000014946    -0.000403    -0.000401     37694170 
   34.200    -0.000004961    -0.000134    -0.000133     37655830 
   34.300    -0.000020512    -0.000554    -0.000552     37664160 
   34.400     0.000007757     0.000209     0.000208     37788470 
   34.500    -0.000034201    -0.000923    -0.000920     37526330 
   34.600    -0.000003544    -0.000096    -0.000095     37358940 
   34.700     0.000019569     0.000524     0.000523     37518150 
   34.800     0.000012314     0.000331     0.000329     37572290 
   34.900     0.000012802     0.000341     0.000341     37473840 
   35.000     0.000016629     0.000442     0.000445     37276030 
   35.100     0.000003593     0.000097     0.000097     37371650 
   35.200     0.000018143     0.000488     0.000487     37308460 
   35.300     0.000000937     0.000025     0.000025     37185490 
   35.400     0.000012978     0.000349     0.000349     37244030 
   35.500    -0.000041845    -0.001128    -0.001121     37298490 
   35.600     0.000011688     0.000314     0.000314     37281270 
   35.700     0.000034823     0.000934     0.000935     37099140 
   35.800    -0.000007979    -0.000214    -0.000213     36775820 
   35.900    -0.000025351    -0.000681    -0.000678     37127480 
   36.000     0.000001835     0.000050     0.000049     37282180 
   36.100    -0.000041342    -0.001111    -0.001109     37017640 
   36.200    -0.000003358    -0.000090    -0.000090     36997990 
   36.300     0.000011530     0.000310     0.000310     37083830 
   36.400    -0.000042549    -0.001143    -0.001139     37048690 
   36.500    -0.000040337    -0.001079    -0.001078     36907130 
   36.600    -0.000028804    -0.000772    -0.000769     36654180 
   36.700    -0.000017406    -0.000468    -0.000467     36524390 
   36.800    -0.000000984    -0.000026    -0.000026     36786300 
   36.900     0.000014587     0.000391     0.000391     36791230 
   37.000    -0.000017462    -0.000470    -0.000468     36780650 
   37.100    -0.000031848    -0.000855    -0.000853     36731840 
   37.200    -0.000020998    -0.000563    -0.000561     36512010 
   37.300    -0.000034980    -0.000936    -0.000940     36626060 
   37.400    -0.000030228    -0.000814    -0.000811     36716380 
   37.500    -0.000027955    -0.000746    -0.000747     36493390 
   37.600    -0.000035989    -0.000966    -0.000965     36260940 
   37.700    -0.000042366    -0.001136    -0.001134     36691250 
   37.800    -0.000024550    -0.000659    -0.000658     36670820 
   37.900    -0.000044277    -0.001192    -0.001186     36993540 
   38.000    -0.000055876    -0.001509    -0.001501     36619780 
   38.100    -0.000046720    -0.001258    -0.001249     36620880 
   38.200    -0.000027789    -0.000745    -0.000746     36937830 
   38.300    -0.000031354    -0.000838    -0.000839     36603600 
   38.400    -0.000006127    -0.000163    -0.000164     36435390 
   38.500    -0.000014319    -0.000384    -0.000383     36621040 
   38.600    -0.000027678    -0.000740    -0.000742     36584330 
   38.700    -0.000044838    -0.001201    -0.001200     36584630 
   38.800    -0.000038579    -0.001035    -0.001033     36481120 
   38.900    -0.000052812    -0.001415    -0.001412     36657810 
   39.000    -0.000046999    -0.001261    -0.001262     36678490 
   39.100    -0.000066198    -0.001784    -0.001775     36162840 
   39.200    -0.000025365    -0.000680    -0.000678     36444390 
   39.300    -0.000026658    -0.000718    -0.000714     36477460 
   39.400    -0.000026584    -0.000712    -0.000713     36501890 
   39.500    -0.000032167    -0.000856    -0.000860     36350050 
   39.600     0.000003203     0.000086     0.000086     36353130 
   39.700    -0.000018083    -0.000483    -0.000483     36271850 
   39.800    -0.000026046    -0.000694    -0.000696     36119370 
   39.900    -0.000040964    -0.001090    -0.001092     35956470 
   40.000    -0.000025443    -0.000682    -0.000681     35791240 
   40.100    -0.000030066    -0.000806    -0.000805     35876620 
   40.200    -0.000049821    -0.001337    -0.001335     35943730 
   40.300    -0.000027139    -0.000729    -0.000726     36207170 
   40.400    -0.000049244    -0.001313    -0.001313     36173020 
   40.500    -0.000042361    -0.001131    -0.001136     36060000 
   40.600     0.000001070     0.000028     0.000029     35885640 
   40.700    -0.000026971    -0.000723    -0.000721     35751120 
   40.800    -0.000037216    -0.000995    -0.000992     36084290 
   40.900    -0.000045371    -0.001213    -0.001216     35581040 
   41.000    -0.000011293    -0.000301    -0.000302     35416140 
   41.100    -0.000042036    -0.001121    -0.001124     35467390 
   41.200    -0.000012160    -0.000325    -0.000325     35800190 
   41.300    -0.000003352    -0.000089    -0.000089     35783610 
   41.400    -0.000006752    -0.000181    -0.000181     35758230 
   41.500    -0.000022905    -0.000612    -0.000612     35685760 
   41.600    -0.000006857    -0.000184    -0.000183     35427940 
   41.700    -0.000020286    -0.000545    -0.000543     35466060 
   41.800    -0.000018547    -0.000497    -0.000497     35600480 
   41.900    -0.000054380    -0.001467    -0.001461     35386960 
   42.000    -0.000043911    -0.001180    -0.001175     35167070 
   42.100    -0.000019365    -0.000518    -0.000517     35316310 
   42.200    -0.000031477    -0.000847    -0.000847     34905720 
   42.300    -0.000037686    -0.001016    -0.001015     34889790 
   42.400    -0.000005751    -0.000154    -0.000154     35041740 
   42.500    -0.000031103    -0.000835    -0.000833     35225660 
   42.600    -0.000010305    -0.000277    -0.000277     35044750 
   42.700    -0.000037631    -0.001008    -0.001010     35025860 
   42.800    -0.000015335    -0.000410    -0.000410     35089900 
   42.900     0.000012359     0.000333     0.000332     34997330 
   43.000    -0.000003559    -0.000095    -0.000096     35151280 
   43.100    -0.000016078    -0.000430    -0.000430     34960790 
   43.200    -0.000051525    -0.001389    -0.001383     34660820 
   43.300    -0.000072585    -0.001951    -0.001960     34651840 
   43.400    -0.000060955    -0.001622    -0.001628     34687440 
   43.500    -0.000043975    -0.001173    -0.001173     34656530 
   43.600    -0.000015283    -0.000410    -0.000409     34642020 
   43.700    -0.000023623    -0.000635    -0.000633     34639390 
   43.800    -0.000028441    -0.000767    -0.000764     34481010 
   43.900    -0.000026483    -0.000711    -0.000709     34466850 
   44.000    -0.000034227    -0.000922    -0.000919     34525610 
   44.100    -0.000018449    -0.000494    -0.000493     34413930 
   44.200    -0.000055039    -0.001473    -0.001467     34106600 
   44.300    -0.000049596    -0.001329    -0.001326     34499680 
   44.400    -0.000070560    -0.001901    -0.001891     34523030 
   44.500    -0.000047978    -0.001282    -0.001276     34140890 
   44.600    -0.000060627    -0.001604    -0.001612     33888310 
   44.700    -0.000084575    -0.002281    -0.002262     33807780 
   44.800    -0.000058541    -0.001566    -0.001562     34071640 
   44.900    -0.000066841    -0.001785    -0.001783     34083510 
   45.000    -0.000049362    -0.001319    -0.001316     33895550 
   45.100    -0.000044471    -0.001193    -0.001190     34214350 
   45.200    -0.000026503    -0.000709    -0.000708     34172280 
   45.300    -0.000054612    -0.001456    -0.001454     33991880 
   45.400    -0.000045091    -0.001207    -0.001207     33959780 
   45.500    -0.000035615    -0.000952    -0.000952     34169280 
   45.600    -0.000050812    -0.001353    -0.001356     33758790 
   45.700    -0.000055464    -0.001480    -0.001479     33749030 
   45.800    -0.000047227    -0.001266    -0.001263     33634430 
   45.900    -0.000043148    -0.001154    -0.001157     34019810 
   46.000    -0.000065998    -0.001758    -0.001764     33754760 
   46.100    -0.000043631    -0.001167    -0.001167     33917150 
   46.200    -0.000075466    -0.002022    -0.002016     33669200 
   46.300    -0.000028675    -0.000766    -0.000765     33659090 
   46.400    -0.000044412    -0.001184    -0.001185     33620090 
   46.500    -0.000074676    -0.001988    -0.001985     33624780 
   46.600    -0.000046458    -0.001239    -0.001240     33513360 
   46.700    -0.000030172    -0.000812    -0.000808     33649500 
   46.800    -0.000007134    -0.000191    -0.000190     33646220 
   46.900    -0.000025654    -0.000693    -0.000690     33540500 
   47.000    -0.000017603    -0.000470    -0.000471     33294540 
   47.100    -0.000008837    -0.000239    -0.000237     33555590 
   47.200    -0.000013788    -0.000368    -0.000370     33268250 
   47.300    -0.000023103    -0.000622    -0.000618     32959340 
   47.400    -0.000038340    -0.001028    -0.001028     33238120 
   47.500    -0.000011628    -0.000311    -0.000310     33366380 
   47.600     0.000002706     0.000073     0.000072     33326430 
   47.700     0.000001782     0.000048     0.000048     33265540 
   47.800    -0.000027283    -0.000733    -0.000732     33259790 
   47.900    -0.000047134    -0.001259    -0.001259     32719260 
   48.000    -0.000032543    -0.000871    -0.000871     32900480 
   48.100    -0.000024720    -0.000659    -0.000659     33040750 
   48.200    -0.000034037    -0.000917    -0.000915     32869180 
   48.300    -0.000043480    -0.001167    -0.001169     32959450 
   48.400    -0.000027216    -0.000730    -0.000727     32845370 
   48.500    -0.000029032    -0.000776    -0.000777     32708060 
   48.600    -0.000008441    -0.000226    -0.000226     32793710 
   48.700    -0.000025550    -0.000685    -0.000682     32616190 
   48.800    -0.000007906    -0.000211    -0.000211     32471080 
   48.900    -0.000026553    -0.000709    -0.000711     32642710 
   49.000     0.000012355     0.000330     0.000331     32779640 
   49.100    -0.000004172    -0.000111    -0.000111     32381300 
   49.200    -0.000012646    -0.000340    -0.000339     32640750 
   49.300    -0.000015062    -0.000404    -0.000403     32476000 
   49.400    -0.000018107    -0.000488    -0.000486     32428710 
   49.500    -0.000004947    -0.000132    -0.000132     32564830 
   49.600    -0.000046001    -0.001230    -0.001228     32871220 
   49.700     0.000007629     0.000205     0.000204     32966670 
   49.800    -0.000054731    -0.001467    -0.001464     32540510 
   49.900    -0.000066109    -0.001767    -0.001767     32407520 
   50.000    -0.000060877    -0.001641    -0.001632     32228240 
   50.100    -0.000048435    -0.001296    -0.001292     31950700 
   50.200     0.000002083     0.000056     0.000056     31894150 
   50.300    -0.000061542    -0.001650    -0.001646     32079180 
   50.400    -0.000024432    -0.000659    -0.000656     31530280 
   50.500    -0.000040156    -0.001087    -0.001086     32120360 
   50.600    -0.000050037    -0.001345    -0.001345     32361980 
   50.700    -0.000064895    -0.001733    -0.001741     32227940 
   50.800    -0.000046930    -0.001260    -0.001259     32039410 
   50.900    -0.000069952    -0.001883    -0.001880     31746910 
   51.000    -0.000058690    -0.001576    -0.001568     31745310 
   51.100    -0.000056286    -0.001504    -0.001501     31504720 
   51.200    -0.000068203    -0.001829    -0.001821     31788230 
   51.300    -0.000042802    -0.001145    -0.001144     31858680 
   51.400    -0.000025609    -0.000690    -0.000687     31677930 
   51.500    -0.000052282    -0.001404    -0.001405     31870030 
   51.600    -0.000049562    -0.001333    -0.001329     31818890 
   51.700    -0.000040634    -0.001091    -0.001089     31572930 
   51.800    -0.000043051    -0.001153    -0.001153     31821390 
   51.900    -0.000038793    -0.001039    -0.001038     31672230 
   52.000    -0.000054581    -0.001472    -0.001468     31518380 
   52.100    -0.000043629    -0.001172    -0.001170     31399420 
   52.200    -0.000056747    -0.001527    -0.001524     31373340 
   52.300    -0.000044564    -0.001188    -0.001187     31323910 
   52.400    -0.000046524    -0.001258    -0.001247     31153970 
   52.500    -0.000056206    -0.001526    -0.001510     31320170 
   52.600    -0.000117261    -0.003137    -0.003141     31307050 
   52.700    -0.000111584    -0.002977    -0.002967     31421550 
   52.800    -0.000049295    -0.001325    -0.001321     31239750 
   52.900    -0.000084555    -0.002274    -0.002263     30991480 
   53.000    -0.000061023    -0.001647    -0.001640     31005860 
   53.100    -0.000064851    -0.001738    -0.001727     31346670 
   53.200    -0.000048293    -0.001293    -0.001295     31258280 
   53.300    -0.000043886    -0.001182    -0.001177     31083950 
   53.400    -0.000044402    -0.001192    -0.001192     31066110 
   53.500    -0.000080446    -0.002163    -0.002165     31026580 
   53.600    -0.000054502    -0.001470    -0.001467     30965240 
   53.700    -0.000058950    -0.001591    -0.001586     30917550 
   53.800    -0.000032770    -0.000881    -0.000880     30827440 
   53.900    -0.000056712    -0.001520    -0.001522     31069010 
   54.000    -0.000094539    -0.002547    -0.002545     30714080 
   54.100    -0.000092333    -0.002468    -0.002478     30741510 
   54.200    -0.000044726    -0.001198    -0.001197     30683010 
   54.300    -0.000040188    -0.001076    -0.001073     30425660 
   54.400    -0.000021470    -0.000577    -0.000577     30592940 
   54.500    -0.000052762    -0.001418    -0.001413     30610470 
   54.600    -0.000070046    -0.001884    -0.001883     30448000 
   54.700    -0.000067116    -0.001814    -0.001808     30736800 
   54.800    -0.000114064    -0.003080    -0.003071     30788720 
   54.900    -0.000120633    -0.003284    -0.003269     30556040 
   55.000    -0.000080061    -0.002162    -0.002156     30533220 
   55.100    -0.000140907    -0.003801    -0.003789     30445750 
   55.200    -0.000086721    -0.002348    -0.002348     30456300 
   55.300    -0.000020111    -0.000546    -0.000545     30692960 
   55.400    -0.000027415    -0.000737    -0.000737     30427070 
   55.500    -0.000050147    -0.001346    -0.001352     30441320 
   55.600    -0.000053271    -0.001440    -0.001439     30552210 
   55.700    -0.000030287    -0.000819    -0.000816     30388020 
   55.800    -0.000044120    -0.001201    -0.001192     30111630 
   55.900    -0.000059841    -0.001618    -0.001609     30083130 
   56.000    -0.000054135    -0.001474    -0.001460     30328170 
   56.100    -0.000015600    -0.000425    -0.000422     30030300 
   56.200    -0.000046830    -0.001278    -0.001265     30007680 
   56.300    -0.000038478    -0.001041    -0.001037     30011870 
   56.400    -0.000027711    -0.000748    -0.000746     30089090 
   56.500    -0.000059104    -0.001585    -0.001586     30333800 
   56.600    -0.000019179    -0.000519    -0.000515     30300220 
   56.700    -0.000046450    -0.001245    -0.001248     30235740 
   56.800    -0.000078966    -0.002121    -0.002108     30223340 
   56.900    -0.000089141    -0.002395    -0.002387     30063420 
   57.000    -0.000083912    -0.002268    -0.002262     29881690 
   57.100    -0.000054455    -0.001466    -0.001464     29702350 
   57.200    -0.000012910    -0.000350    -0.000348     29886170 
   57.300    -0.000031205    -0.000846    -0.000844     29913020 
   57.400    -0.000017540    -0.000473    -0.000470     29636570 
   57.500     0.000002216     0.000060     0.000059     29682900 
   57.600    -0.000028417    -0.000765    -0.000764     29535510 
   57.700    -0.000013291    -0.000357    -0.000356     29643060 
   57.800    -0.000057831    -0.001556    -0.001551     29784640 
   57.900    -0.000033900    -0.000910    -0.000908     29395420 
   58.000    -0.000064295    -0.001741    -0.001731     29641820 
   58.100    -0.000004902    -0.000132    -0.000131     29523080 
   58.200    -0.000049643    -0.001336    -0.001337     29498440 
   58.300    -0.000039723    -0.001069    -0.001068     29375580 
   58.400     0.000000752     0.000020     0.000020     29456120 
   58.500    -0.000020418    -0.000552    -0.000549     29472610 
   58.600    -0.000052099    -0.001412    -0.001404     29349750 
   58.700    -0.000011491    -0.000310    -0.000308     29435970 
   58.800     0.000029885     0.000800     0.000800     29491670 
   58.900    -0.000037794    -0.001019    -0.001020     29072290 
   59.000    -0.000043562    -0.001173    -0.001170     29070090 
   59.100    -0.000055633    -0.001495    -0.001488     28879140 
   59.200    -0.000038154    -0.001033    -0.001029     28896890 
   59.300    -0.000014425    -0.000389    -0.000388     29254630 
   59.400    -0.000004249    -0.000115    -0.000114     29125100 
   59.500     0.000014259     0.000383     0.000383     29248610 
   59.600     0.000022027     0.000594     0.000589     29081990 
   59.700    -0.000026547    -0.000717    -0.000713     28891120 
   59.800    -0.000038864    -0.001048    -0.001046     29150330 
   59.900    -0.000018827    -0.000505    -0.000506     29032270 
   60.000     0.000012485     0.000337     0.000335     28958030 
   60.100    -0.000016759    -0.000452    -0.000450     28755950 
   60.200    -0.000063943    -0.001728    -0.001726     29028870 
   60.300    -0.000081209    -0.002186    -0.002180     28649040 
   60.400    -0.000047402    -0.001268    -0.001263     28716060 
   60.500    -0.000042694    -0.001147    -0.001141     28696890 
   60.600    -0.000026604    -0.000713    -0.000711     28649960 
   60.700    -0.000025192    -0.000678    -0.000679     28990740 
   60.800    -0.000020435    -0.000552    -0.000552     28928520 
   60.900    -0.000052782    -0.001417    -0.001416     28750990 
   61.000    -0.000039306    -0.001054    -0.001054     28565290 
   61.100    -0.000018340    -0.000489    -0.000492     28452320 
   61.200    -0.000024390    -0.000653    -0.000656     28298790 
   61.300    -0.000018352    -0.000493    -0.000493     28336830 
   61.400    -0.000044895    -0.001202    -0.001209     28362490 
   61.500    -0.000038102    -0.001026    -0.001028     28664600 
   61.600    -0.000010174    -0.000274    -0.000273     28263430 
   61.700    -0.000007038    -0.000189    -0.000189     28173810 
   61.800    -0.000079782    -0.002138    -0.002145     28100680 
   61.900    -0.000032889    -0.000889    -0.000886     28147850 
   62.000    -0.000055251    -0.001489    -0.001484     28128340 
   62.100    -0.000062091    -0.001663    -0.001668     28032950 
   62.200    -0.000101589    -0.002725    -0.002724     28307150 
   62.300    -0.000069304    -0.001848    -0.001852     28181950 
   62.400    -0.000076205    -0.002038    -0.002051     27937120 
   62.500    -0.000059237    -0.001586    -0.001588     27738320 
   62.600    -0.000014129    -0.000381    -0.000380     27619880 
   62.700    -0.000032392    -0.000872    -0.000875     28039200 
   62.800     0.000004727     0.000127     0.000127     27711070 
   62.900    -0.000031997    -0.000862    -0.000858     27740240 
   63.000    -0.000031529    -0.000843    -0.000846     27616100 
   63.100    -0.000073907    -0.001997    -0.001993     27737790 
   63.200    -0.000044615    -0.001212    -0.001206     28073790 
   63.300    -0.000003589    -0.000097    -0.000097     28047620 
   63.400    -0.000028337    -0.000765    -0.000766     27535600 
   63.500    -0.000081131    -0.002188    -0.002195     27684050 
   63.600    -0.000064729    -0.001760    -0.001755     27817760 
   63.700    -0.000075970    -0.002059    -0.002055     27905490 
   63.800    -0.000048836    -0.001315    -0.001320     27736050 
   63.900    -0.000025918    -0.000698    -0.000700     27601340 
   64.000    -0.000013272    -0.000359    -0.000359     27204640 
   64.100    -0.000028683    -0.000774    -0.000775     27452860 
   64.200    -0.000035437    -0.000952    -0.000953     27577650 
   64.300    -0.000030499    -0.000822    -0.000820     27444050 
   64.400    -0.000038038    -0.001022    -0.001029     27310610 
   64.500     0.000007118     0.000193     0.000192     27298100 
   64.600    -0.000017830    -0.000483    -0.000481     27359940 
   64.700    -0.000033383    -0.000908    -0.000906     27364670 
   64.800     0.000010126     0.000274     0.000273     27134240 
   64.900    -0.000015498    -0.000416    -0.000416     27034880 
   65.000    -0.000017052    -0.000461    -0.000459     27000840 
   65.100     0.000002480     0.000067     0.000067     27269900 
   65.200    -0.000015028    -0.000405    -0.000404     27065940 
   65.300    -0.000019389    -0.000526    -0.000525     27117500 
   65.400     0.000046133     0.001248     0.001243     27042160 
   65.500    -0.000011818    -0.000319    -0.000319     27138890 
   65.600     0.000014275     0.000386     0.000385     27013930 
   65.700     0.000018989     0.000512     0.000511     26933660 
   65.800    -0.000011444    -0.000308    -0.000308     27057870 
   65.900     0.000010081     0.000272     0.000271     26849240 
   66.000    -0.000002931    -0.000080    -0.000079     26836530 
   66.100    -0.000023906    -0.000650    -0.000648     26716770 
   66.200    -0.000037325    -0.001009    -0.001005     26758200 
   66.300    -0.000045089    -0.001212    -0.001217     26719560 
   66.400    -0.000017208    -0.000461    -0.000461     26792140 
   66.500    -0.000050661    -0.001361    -0.001358     26607980 
   66.600    -0.000022703    -0.000611    -0.000610     26574390 
   66.700     0.000003046     0.000081     0.000082     27104830 
   66.800     0.000020369     0.000545     0.000546     26772270 
   66.900    -0.000019519    -0.000522    -0.000523     26750800 
   67.000    -0.000018596    -0.000500    -0.000499     26665400 
   67.100    -0.000015321    -0.000412    -0.000412     26673870 
   67.200     0.000009908     0.000266     0.000266     26536610 
   67.300    -0.000008504    -0.000230    -0.000229     26696270 
   67.400     0.000011832     0.000318     0.000318     26590480 
   67.500     0.000010644     0.000285     0.000286     26689470 
   67.600    -0.000053043    -0.001414    -0.001422     26353590 
   67.700    -0.000028998    -0.000778    -0.000781     26402910 
   67.800     0.000015228     0.000410     0.000411     26279930 
   67.900     0.000013009     0.000349     0.000350     26433930 
   68.000     0.000023511     0.000631     0.000632     26378130 
   68.100    -0.000006824    -0.000182    -0.000183     26437240 
   68.200     0.000013604     0.000364     0.000366     26470110 
   68.300     0.000009977     0.000269     0.000269     26303400 
   68.400    -0.000000213    -0.000006    -0.000006     26226940 
   68.500    -0.000008549    -0.000231    -0.000232     26234070 
   68.600     0.000026671     0.000719     0.000720     26031220 
   68.700     0.000020053     0.000538     0.000538     26206820 
   68.800     0.000003547     0.000096     0.000096     26338050 
   68.900     0.000014436     0.000388     0.000391     26189530 
   69.000     0.000030325     0.000813     0.000813     26110910 
   69.100    -0.000017440    -0.000467    -0.000470     26262240 
   69.200    -0.000011509    -0.000306    -0.000308     26048050 
   69.300    -0.000005695    -0.000151    -0.000153     25902940 
   69.400     0.000023896     0.000641     0.000643     25996920 
   69.500     0.000000923     0.000025     0.000025     25967300 
   69.600     0.000019491     0.000522     0.000524     25904940 
   69.700     0.000005821     0.000156     0.000157     25966240 
   69.800    -0.000036637    -0.000991    -0.000989     25718170 
   69.900     0.000002226     0.000059     0.000060     25628690 
   70.000     0.000034932     0.000935     0.000939     25522690 
   70.100     0.000007755     0.000210     0.000210     25803440 
   70.200     0.000019892     0.000536     0.000536     25822250 
   70.300     0.000008264     0.000220     0.000221     25655630 
   70.400     0.000009893     0.000266     0.000267     25605740 
   70.500     0.000016586     0.000449     0.000450     25488700 
   70.600     0.000025721     0.000693     0.000695     25411690 
   70.700     0.000010551     0.000285     0.000286     25526080 
   70.800     0.000012182     0.000328     0.000328     25627430 
   70.900     0.000017506     0.000474     0.000476     25635110 
   71.000     0.000064189     0.001749     0.001750     25600740 
   71.100     0.000021848     0.000590     0.000592     25564080 
   71.200     0.000034830     0.000945     0.000949     25232680 
   71.300     0.000005276     0.000143     0.000143     25409510 
   71.400     0.000024497     0.000665     0.000668     25601370 
   71.500    -0.000002697    -0.000073    -0.000073     25481040 
   71.600     0.000008579     0.000232     0.000232     25547860 
   71.700     0.000003932     0.000106     0.000106     25545460 
   71.800     0.000015912     0.000427     0.000430     25243300 
   71.900     0.000026239     0.000712     0.000712     25197110 
   72.000     0.000034206     0.000923     0.000926     25564650 
   72.100     0.000009376     0.000252     0.000253     25280450 
   72.200     0.000033365     0.000902     0.000901     25141180 
   72.300     0.000005903     0.000159     0.000159     25239290 
   72.400     0.000008379     0.000225     0.000226     25258630 
   72.500     0.000015498     0.000417     0.000417     25220660 
   72.600    -0.000058371    -0.001564    -0.001574     25245890 
   72.700     0.000004180     0.000112     0.000113     25089650 
   72.800     0.000031059     0.000836     0.000839     24865090 
   72.900     0.000032253     0.000869     0.000873     25259310 
   73.000     0.000015326     0.000415     0.000415     25048190 
   73.100     0.000011540     0.000310     0.000311     25069700 
   73.200     0.000001911     0.000052     0.000052     24784270 
   73.300     0.000007476     0.000202     0.000201     24909060 
   73.400     0.000006838     0.000184     0.000184     25067980 
   73.500    -0.000002518    -0.000068    -0.000068     24726600 
   73.600    -0.000022433    -0.000606    -0.000605     24855020 
   73.700     0.000011626     0.000315     0.000315     25012000 
   73.800     0.000013008     0.000349     0.000350     24977070 
   73.900     0.000027277     0.000733     0.000733     24661260 
   74.000     0.000015033     0.000407     0.000406     24547140 
   74.100     0.000015842     0.000429     0.000429     24575410 
   74.200     0.000012151     0.000329     0.000329     24779300 
   74.300     0.000000754     0.000020     0.000020     24596930 
   74.400     0.000002615     0.000071     0.000071     24417870 
   74.500     0.000045990     0.001244     0.001245     24528090 
   74.600    -0.000012372    -0.000333    -0.000333     24457660 
   74.700    -0.000002787    -0.000075    -0.000075     24262210 
   74.800     0.000001016     0.000027     0.000027     24083630 
   74.900     0.000037792     0.001023     0.001022     24249030 
   75.000     0.000001379     0.000037     0.000037     24040180 
   75.100     0.000020521     0.000555     0.000554     24146860 
   75.200    -0.000022680    -0.000610    -0.000609     24089650 
   75.300    -0.000025562    -0.000687    -0.000686     24262030 
   75.400    -0.000032046    -0.000865    -0.000863     24089400 
   75.500     0.000037208     0.001000     0.001003     23866960 
   75.600    -0.000010003    -0.000268    -0.000269     24119780 
   75.700    -0.000025265    -0.000678    -0.000681     24227730 
   75.800    -0.000010963    -0.000296    -0.000296     23917910 
   75.900     0.000011026     0.000299     0.000299     23771570 
   76.000     0.000011167     0.000302     0.000302     23659140 
   76.100     0.000047283     0.001285     0.001277     23736600 
   76.200    -0.000023790    -0.000648    -0.000641     23893760 
   76.300    -0.000032348    -0.000875    -0.000872     23866260 
   76.400     0.000002971     0.000080     0.000080     24124350 
   76.500     0.000028565     0.000770     0.000768     23756660 
   76.600     0.000010740     0.000289     0.000290     23598170 
   76.700     0.000018615     0.000505     0.000504     23523710 
   76.800     0.000034028     0.000920     0.000919     23468870 
   76.900    -0.000028298    -0.000763    -0.000765     23649880 
   77.000    -0.000013401    -0.000362    -0.000362     23579350 
   77.100    -0.000006373    -0.000172    -0.000171     23544030 
   77.200     0.000014374     0.000390     0.000388     23746850 
   77.300     0.000011603     0.000315     0.000313     23622470 
   77.400     0.000038954     0.001062     0.001054     23667090 
   77.500     0.000075125     0.002047     0.002032     23480970 
   77.600     0.000028199     0.000768     0.000765     23386900 
   77.700     0.000045229     0.001234     0.001227     23441090 
   77.800     0.000061240     0.001674     0.001658     23521750 
   77.900     0.000047984     0.001302     0.001295     23524290 
   78.000     0.000001256     0.000034     0.000034     23480540 
   78.100     0.000009870     0.000264     0.000265     23604400 
   78.200     0.000034356     0.000928     0.000926     23375640 
   78.300     0.000019186     0.000517     0.000517     23176670 
   78.400     0.000025877     0.000700     0.000700     23181900 
   78.500    -0.000000598    -0.000016    -0.000016     23407210 
   78.600     0.000012500     0.000337     0.000337     23268710 
   78.700     0.000030391     0.000822     0.000820     23597570 
   78.800     0.000054062     0.001452     0.001458     23296390 
   78.900     0.000002747     0.000074     0.000074     23335080 
   79.000     0.000040028     0.001081     0.001083     23039260 
   79.100     0.000017360     0.000472     0.000470     23292590 
   79.200    -0.000019773    -0.000537    -0.000535     22937680 
   79.300    -0.000044197    -0.001199    -0.001198     23036400 
   79.400    -0.000013564    -0.000367    -0.000367     23088260 
   79.500    -0.000000352    -0.000009    -0.000009     22844740 
   79.600    -0.000037004    -0.000998    -0.000998     22805660 
   79.700    -0.000002753    -0.000075    -0.000074     22897430 
   79.800    -0.000013657    -0.000369    -0.000369     22836670 
   79.900     0.000016153     0.000436     0.000439     22799290 
   80.000    -0.000001112    -0.000030    -0.000030     23195780 
   80.100     0.000015642     0.000421     0.000424     22875810 
   80.200     0.000023693     0.000642     0.000640     22886100 
   80.300    -0.000015416    -0.000415    -0.000417     22934430 
   80.400    -0.000003487    -0.000093    -0.000094     22902540 
   80.500     0.000018871     0.000510     0.000509     22883790 
   80.600    -0.000043136    -0.001165    -0.001168     22738910 
   80.700    -0.000001062    -0.000029    -0.000029     22530260 
   80.800     0.000029048     0.000781     0.000784     22738530 
   80.900     0.000021684     0.000585     0.000585     22791820 
   81.000     0.000014077     0.000383     0.000380     22577640 
   81.100     0.000037931     0.001035     0.001032     22459340 
   81.200     0.000016835     0.000454     0.000453     22321300 
   81.300     0.000001201     0.000032     0.000032     22441920 
   81.400    -0.000028282    -0.000764    -0.000760     22354850 
   81.500    -0.000018663    -0.000508    -0.000506     22350660 
   81.600    -0.000016679    -0.000447    -0.000448     22207080 
   81.700    -0.000031056    -0.000832    -0.000833     22023050 
   81.800     0.000027038     0.000720     0.000721     21983910 
   81.900     0.000024355     0.000653     0.000653     22146170 
   82.000    -0.000011766    -0.000317    -0.000318     22088420 
   82.100     0.000049563     0.001329     0.001331     21881220 
   82.200    -0.000001119    -0.000030    -0.000030     21766190 
   82.300     0.000012565     0.000339     0.000339     21788000 
   82.400     0.000009945     0.000268     0.000267     21972700 
   82.500     0.000047599     0.001290     0.001288     21909320 
   82.600     0.000017607     0.000476     0.000475     21922780 
   82.700     0.000053094     0.001429     0.001429     21902280 
   82.800     0.000001635     0.000044     0.000044     21749040 
   82.900     0.000045075     0.001216     0.001214     21735270 
   83.000     0.000034867     0.000940     0.000939     21685170 
   83.100     0.000007533     0.000203     0.000204     21675090 
   83.200    -0.000024455    -0.000662    -0.000662     21775750 
   83.300    -0.000017464    -0.000471    -0.000471     21386980 
   83.400    -0.000038040    -0.001031    -0.001025     21620200 
   83.500     0.000013759     0.000371     0.000372     21477190 
   83.600    -0.000002307    -0.000062    -0.000062     21612860 
   83.700    -0.000030375    -0.000823    -0.000821     21715420 
   83.800    -0.000007734    -0.000208    -0.000208     21471650 
   83.900    -0.000015446    -0.000415    -0.000415     21501200 
   84.000     0.000036994     0.000991     0.000997     21425050 
   84.100     0.000043354     0.001169     0.001176     21299770 
   84.200     0.000049667     0.001329     0.001335     21413170 
   84.300     0.000009530     0.000254     0.000255     21374130 
   84.400    -0.000016222    -0.000435    -0.000437     21276870 
   84.500    -0.000042962    -0.001150    -0.001156     21276330 
   84.600    -0.000036821    -0.000986    -0.000992     21175560 
   84.700    -0.000039512    -0.001064    -0.001066     21236730 
   84.800    -0.000057645    -0.001556    -0.001557     21434980 
   84.900    -0.000028406    -0.000762    -0.000767     21372580 
   85.000     0.000001077     0.000029     0.000029     21193590 
   85.100    -0.000030883    -0.000821    -0.000829     21343890 
   85.200     0.000010530     0.000282     0.000284     21384500 
   85.300     0.000044218     0.001181     0.001190     21343330 
   85.400     0.000001998     0.000053     0.000054     21265620 
   85.500     0.000014242     0.000378     0.000381     21276580 
   85.600    -0.000006656    -0.000178    -0.000179     21404210 
   85.700     0.000038498     0.001024     0.001035     21140240 
   85.800    -0.000020302    -0.000542    -0.000546     21057140 
   85.900    -0.000009260    -0.000246    -0.000248     21103250 
   86.000     0.000014324     0.000380     0.000384     21141020 
   86.100     0.000002802     0.000075     0.000076     21152920 
   86.200    -0.000025993    -0.000700    -0.000703     21131750 
   86.300     0.000003781     0.000101     0.000102     21005870 
   86.400     0.000007848     0.000209     0.000212     21131930 
   86.500     0.000017222     0.000463     0.000466     21111790 
   86.600    -0.000032666    -0.000872    -0.000877     20858360 
   86.700    -0.000007316    -0.000196    -0.000198     21090710 
   86.800    -0.000027063    -0.000728    -0.000730     21005500 
   86.900    -0.000023186    -0.000618    -0.000623     20945670 
   87.000     0.000002760     0.000074     0.000074     20657220 
   87.100    -0.000021593    -0.000579    -0.000582     20795630 
   87.200    -0.000000658    -0.000018    -0.000018     20716110 
   87.300     0.000003576     0.000096     0.000096     20665040 
   87.400    -0.000015726    -0.000418    -0.000421     20577170 
   87.500    -0.000021275    -0.000570    -0.000571     20582990 
   87.600    -0.000037798    -0.001016    -0.001019     20756250 
   87.700    -0.000033703    -0.000906    -0.000910     20568290 
   87.800    -0.000026200    -0.000706    -0.000710     20655180 
   87.900    -0.000027686    -0.000746    -0.000748     20641240 
   88.000    -0.000030382    -0.000814    -0.000818     20360960 
   88.100    -0.000048805    -0.001304    -0.001321     20419160 
   88.200    -0.000014417    -0.000386    -0.000389     20344650 
   88.300    -0.000067980    -0.001831    -0.001836     20277080 
   88.400    -0.000088756    -0.002381    -0.002391     20176400 
   88.500    -0.000044030    -0.001174    -0.001184     20231850 
   88.600    -0.000015254    -0.000407    -0.000409     20281790 
   88.700    -0.000077460    -0.002079    -0.002095     20185950 
   88.800    -0.000016662    -0.000443    -0.000450     20230370 
   88.900    -0.000041467    -0.001113    -0.001119     20188880 
   89.000    -0.000005722    -0.000153    -0.000154     20133320 
   89.100    -0.000053063    -0.001432    -0.001437     19881960 
   89.200    -0.000017877    -0.000480    -0.000483     20093230 
   89.300    -0.000023935    -0.000639    -0.000643     19962870 
   89.400    -0.000011672    -0.000310    -0.000313     20103900 
   89.500    -0.000009714    -0.000261    -0.000262     19906800 
   89.600    -0.000052027    -0.001400    -0.001402     19997980 
   89.700    -0.000047887    -0.001285    -0.001292     19995990 
   89.800     0.000012395     0.000334     0.000334     19884370 
   89.900    -0.000048973    -0.001306    -0.001314     20025420 
   90.000    -0.000013430    -0.000361    -0.000361     19848750 
   90.100    -0.000054723    -0.001474    -0.001472     19829270 
   90.200    -0.000027552    -0.000743    -0.000741     19734450 
   90.300    -0.000078014    -0.002093    -0.002105     19652150 
   90.400    -0.000060724    -0.001618    -0.001629     19577170 
   90.500    -0.000026532    -0.000709    -0.000707     19534090 
   90.600    -0.000039741    -0.001066    -0.001068     19549420 
   90.700    -0.000048450    -0.001296    -0.001304     19567300 
   90.800    -0.000024364    -0.000652    -0.000655     19586910 
   90.900    -0.000002799    -0.000075    -0.000075     19620510 
   91.000    -0.000060233    -0.001627    -0.001622     19634080 
   91.100    -0.000055305    -0.001503    -0.001494     19581530 
   91.200    -0.000028494    -0.000772    -0.000771     19388370 
   91.300     0.000004242     0.000115     0.000115     19315700 
   91.400    -0.000040511    -0.001079    -0.001084     19175020 
   91.500     0.000023261     0.000627     0.000627     19429980 
   91.600     0.000018297     0.000492     0.000493     19276000 
   91.700    -0.000022830    -0.000613    -0.000613     19159490 
   91.800     0.000003668     0.000099     0.000099     19523160 
   91.900     0.000027694     0.000742     0.000747     19458150 
   92.000    -0.000013092    -0.000353    -0.000353     19144690 
   92.100    -0.000049301    -0.001336    -0.001336     19373860 
   92.200    -0.000065472    -0.001775    -0.001772     19134730 
   92.300    -0.000066067    -0.001777    -0.001782     18991200 
   92.400    -0.000055265    -0.001494    -0.001498     19006060 
   92.500    -0.000029839    -0.000800    -0.000804     18949130 
   92.600     0.000001232     0.000033     0.000033     18895780 
   92.700    -0.000075220    -0.002050    -0.002038     18820180 
   92.800     0.000023627     0.000636     0.000637     18839920 
   92.900     0.000013836     0.000373     0.000375     19126470 
   93.000    -0.000010036    -0.000269    -0.000271     18961870 
   93.100     0.000024051     0.000641     0.000645     18740840 
   93.200    -0.000037478    -0.001012    -0.001014     19025570 
   93.300    -0.000080594    -0.002159    -0.002157     18926660 
   93.400    -0.000007305    -0.000197    -0.000196     18762760 
   93.500     0.000015957     0.000430     0.000429     18928750 
   93.600    -0.000014255    -0.000384    -0.000384     18805050 
   93.700     0.000023941     0.000645     0.000645     18645280 
   93.800    -0.000029435    -0.000788    -0.000794     18362420 
   93.900     0.000040356     0.001080     0.001086     18631010 
   94.000     0.000046998     0.001263     0.001270     18574480 
   94.100    -0.000000822    -0.000022    -0.000022     18505420 
   94.200     0.000018941     0.000507     0.000507     18443730 
   94.300     0.000025100     0.000683     0.000676     18603530 
   94.400    -0.000031885    -0.000854    -0.000854     18374480 
   94.500    -0.000004103    -0.000110    -0.000110     18469490 
   94.600    -0.000027126    -0.000729    -0.000728     18446710 
   94.700    -0.000014751    -0.000396    -0.000397     18260230 
   94.800    -0.000008396    -0.000227    -0.000226     18286100 
   94.900    -0.000009630    -0.000257    -0.000259     18227860 
   95.000    -0.000038899    -0.001049    -0.001052     18441680 
   95.100     0.000002527     0.000068     0.000068     18361760 
   95.200    -0.000025879    -0.000694    -0.000697     18433590 
   95.300    -0.000006337    -0.000169    -0.000170     18127340 
   95.400     0.000024250     0.000657     0.000656     18376180 
   95.500    -0.000001623    -0.000044    -0.000044     18258670 
   95.600    -0.000037075    -0.001001    -0.001002     18161710 
   95.700    -0.000043232    -0.001163    -0.001164     18283370 
   95.800     0.000028952     0.000782     0.000784     18065850 
   95.900     0.000001399     0.000038     0.000038     18254980 
   96.000     0.000034778     0.000937     0.000941     18230100 
   96.100     0.000031667     0.000851     0.000856     18373840 
   96.200     0.000047132     0.001258     0.001269     18236370 
   96.300     0.000022995     0.000619     0.000622     18278840 
   96.400     0.000022231     0.000592     0.000600     17942270 
   96.500     0.000022772     0.000609     0.000614     18275310 
   96.600    -0.000010489    -0.000281    -0.000284     18138540 
   96.700    -0.000012734    -0.000344    -0.000344     17884660 
   96.800    -0.000030458    -0.000820    -0.000823     17791580 
   96.900    -0.000015268    -0.000407    -0.000413     17875140 
   97.000    -0.000052769    -0.001427    -0.001434     17796630 
   97.100    -0.000030178    -0.000812    -0.000817     17860120 
   97.200     0.000034460     0.000926     0.000924     17890920 
   97.300    -0.000013463    -0.000361    -0.000362     17887040 
   97.400     0.000054821     0.001476     0.001479     17795100 
   97.500     0.000011880     0.000321     0.000323     17725500 
   97.600     0.000011676     0.000314     0.000315     17636350 
   97.700     0.000002291     0.000061     0.000061     17665460 
   97.800     0.000008097     0.000218     0.000218     17771060 
   97.900    -0.000001830    -0.000049    -0.000049     17623540 
   98.000    -0.000020409    -0.000552    -0.000552     17663500 
   98.100     0.000016952     0.000460     0.000460     17619460 
   98.200     0.000005522     0.000149     0.000150     17550500 
   98.300    -0.000022888    -0.000616    -0.000621     17721990 
   98.400    -0.000046691    -0.001244    -0.001259     17831400 
   98.500    -0.000021045    -0.000565    -0.000569     17631160 
   98.600    -0.000038639    -0.001023    -0.001033     17257050 
   98.700    -0.000066722    -0.001793    -0.001801     17406650 
   98.800    -0.000013303    -0.000357    -0.000360     17333590 
   98.900    -0.000026464    -0.000704    -0.000713     17178870 
   99.000    -0.000042017    -0.001127    -0.001132     17192000 
   99.100    -0.000003906    -0.000104    -0.000105     17287970 
   99.200    -0.000046963    -0.001268    -0.001275     17269280 
   99.300    -0.000059210    -0.001579    -0.001598     17118480 
   99.400    -0.000032536    -0.000873    -0.000876     17200880 
   99.500     0.000015897     0.000427     0.000429     17262350 
   99.600    -0.000004715    -0.000127    -0.000126     17128290 
   99.700    -0.000021729    -0.000580    -0.000583     17133170 
   99.800    -0.000029403    -0.000776    -0.000786     17214510 
   99.900    -0.000040085    -0.001081    -0.001080     17029510 
  100.000    -0.000063135    -0.001689    -0.001695     16906160 
